Using pre-set license
Built from '2021.1/release' branch; Version is '2021.1.4f1 (4cd64a618c1b) revision 5035594'; Using compiler version '192528614'; Build Type 'Release'
OS: 'Windows 10 Pro; OS build 18362.720; Version 1903; 64bit' Language: 'en' Physical Memory: 16312 MB
BatchMode: 1, IsHumanControllingUs: 0, StartBugReporterOnCrash: 0, Is64bit: 1, IsPro: 0

 COMMAND LINE ARGUMENTS:
D:\Unity\2021.1.4f1\Editor\Unity.exe
-adb2
-batchMode
-noUpm
-name
AssetImportWorker0
-projectPath
C:/Users/Tadeocore/Documents/GitHub/Tankz/TankInIce
-logFile
Logs/AssetImportWorker0.log
-srvPort
64026
Successfully changed project path to: C:/Users/Tadeocore/Documents/GitHub/Tankz/TankInIce
C:/Users/Tadeocore/Documents/GitHub/Tankz/TankInIce
Using Asset Import Pipeline V2.
Refreshing native plugins compatible for Editor in 222.41 ms, found 1 plugins.
Preloading 0 native plugins for Editor in 0.00 ms.
Initialize engine version: 2021.1.4f1 (4cd64a618c1b)
[Subsystems] Discovering subsystems at path D:/Unity/2021.1.4f1/Editor/Data/Resources/UnitySubsystems
[Subsystems] Discovering subsystems at path C:/Users/Tadeocore/Documents/GitHub/Tankz/TankInIce/Assets
GfxDevice: creating device client; threaded=0; jobified=0
Direct3D:
    Version:  Direct3D 11.0 [level 11.1]
    Renderer: Radeon RX 590 Series (ID=0x67df)
    Vendor:   ATI
    VRAM:     8171 MB
    Driver:   27.20.21002.112
Initialize mono
Mono path[0] = 'D:/Unity/2021.1.4f1/Editor/Data/Managed'
Mono path[1] = 'D:/Unity/2021.1.4f1/Editor/Data/MonoBleedingEdge/lib/mono/unityjit'
Mono config path = 'D:/Unity/2021.1.4f1/Editor/Data/MonoBleedingEdge/etc'
Using monoOptions --debugger-agent=transport=dt_socket,embedding=1,server=y,suspend=n,address=127.0.0.1:56380
Begin MonoManager ReloadAssembly
Registering precompiled unity dll's ...
Register platform support module: D:/Unity/2021.1.4f1/Editor/Data/PlaybackEngines/MacStandaloneSupport/UnityEditor.OSXStandalone.Extensions.dll
Register platform support module: D:/Unity/2021.1.4f1/Editor/Data/PlaybackEngines/WindowsStandaloneSupport/UnityEditor.WindowsStandalone.Extensions.dll
Register platform support module: D:/Unity/2021.1.4f1/Editor/Data/PlaybackEngines/LinuxStandaloneSupport/UnityEditor.LinuxStandalone.Extensions.dll
Registered in 0.002317 seconds.
Native extension for LinuxStandalone target not found
Native extension for WindowsStandalone target not found
Native extension for OSXStandalone target not found
Refreshing native plugins compatible for Editor in 608.09 ms, found 1 plugins.
Preloading 0 native plugins for Editor in 0.00 ms.
Mono: successfully reloaded assembly
- Completed reload, in  6.734 seconds
Platform modules already initialized, skipping
Registering precompiled user dll's ...
Registered in 0.014099 seconds.
Begin MonoManager ReloadAssembly
Native extension for LinuxStandalone target not found
Native extension for WindowsStandalone target not found
Native extension for OSXStandalone target not found
Refreshing native plugins compatible for Editor in 1.16 ms, found 1 plugins.
Preloading 0 native plugins for Editor in 0.00 ms.
Mono: successfully reloaded assembly
- Completed reload, in  5.543 seconds
Platform modules already initialized, skipping
========================================================================
Worker process is ready to serve import requests
Launched and connected shader compiler UnityShaderCompiler.exe after 0.27 seconds
Refreshing native plugins compatible for Editor in 1.25 ms, found 1 plugins.
Preloading 0 native plugins for Editor in 0.00 ms.
Unloading 2666 Unused Serialized files (Serialized files now loaded: 0)
System memory in use before: 98.3 MB.
System memory in use after: 98.4 MB.

Unloading 15 unused Assets to reduce memory usage. Loaded Objects now: 3118.
Total: 288.966500 ms (FindLiveObjects: 0.722400 ms CreateObjectMapping: 0.598700 ms MarkObjects: 286.459500 ms  DeleteObjects: 1.178600 ms)

========================================================================
Received Import Request.
  path: Assets/Scenes
  artifactKey: Guid(e10cc06af00dc064893dc3b93955b5e1) Importer(815301076,1909f56bfc062723c751e8b465ee728b)
Start importing Assets/Scenes using Guid(e10cc06af00dc064893dc3b93955b5e1) Importer(815301076,1909f56bfc062723c751e8b465ee728b)  -> (artifact id: '937916e9bcb6ce545256d82e44601bd2') in 0.369169 seconds 
========================================================================
Received Import Request.
  Time since last request: 0.007086 seconds.
  path: Assets/Prefabs
  artifactKey: Guid(d8197fa94a7480d45a191ae772b0fc2e) Importer(815301076,1909f56bfc062723c751e8b465ee728b)
Start importing Assets/Prefabs using Guid(d8197fa94a7480d45a191ae772b0fc2e) Importer(815301076,1909f56bfc062723c751e8b465ee728b)  -> (artifact id: 'c2b19a0ab636532489d2df454b8ca274') in 0.031568 seconds 
========================================================================
Received Import Request.
  Time since last request: 222.394550 seconds.
  path: Assets/Scripts
  artifactKey: Guid(f90fbe8d9f433ab40b5e3b1bac4f8687) Importer(815301076,1909f56bfc062723c751e8b465ee728b)
Start importing Assets/Scripts using Guid(f90fbe8d9f433ab40b5e3b1bac4f8687) Importer(815301076,1909f56bfc062723c751e8b465ee728b)  -> (artifact id: 'b5aa689da1b2a5cd0d6b99dc931a753a') in 0.002980 seconds 
========================================================================
Received Prepare
Registering precompiled user dll's ...
Registered in 0.101793 seconds.
Begin MonoManager ReloadAssembly
Native extension for LinuxStandalone target not found
Native extension for WindowsStandalone target not found
Native extension for OSXStandalone target not found
Refreshing native plugins compatible for Editor in 2.64 ms, found 1 plugins.
Preloading 0 native plugins for Editor in 0.00 ms.
Mono: successfully reloaded assembly
- Completed reload, in 12.990 seconds
Platform modules already initialized, skipping
Refreshing native plugins compatible for Editor in 2.08 ms, found 1 plugins.
Preloading 0 native plugins for Editor in 0.00 ms.
Unloading 2661 Unused Serialized files (Serialized files now loaded: 0)
System memory in use before: 98.2 MB.
System memory in use after: 98.4 MB.

Unloading 10 unused Assets to reduce memory usage. Loaded Objects now: 3121.
Total: 65.805400 ms (FindLiveObjects: 1.028300 ms CreateObjectMapping: 16.100800 ms MarkObjects: 48.544100 ms  DeleteObjects: 0.128100 ms)

========================================================================
Received Prepare
Registering precompiled user dll's ...
Registered in 0.031296 seconds.
Begin MonoManager ReloadAssembly
Native extension for LinuxStandalone target not found
Native extension for WindowsStandalone target not found
Native extension for OSXStandalone target not found
Refreshing native plugins compatible for Editor in 2.94 ms, found 1 plugins.
Preloading 0 native plugins for Editor in 0.00 ms.
Mono: successfully reloaded assembly
- Completed reload, in  6.029 seconds
Platform modules already initialized, skipping
Refreshing native plugins compatible for Editor in 4.69 ms, found 1 plugins.
Preloading 0 native plugins for Editor in 0.00 ms.
Unloading 2661 Unused Serialized files (Serialized files now loaded: 0)
System memory in use before: 98.3 MB.
System memory in use after: 98.5 MB.

Unloading 10 unused Assets to reduce memory usage. Loaded Objects now: 3124.
Total: 5.486600 ms (FindLiveObjects: 0.622800 ms CreateObjectMapping: 0.196500 ms MarkObjects: 4.522300 ms  DeleteObjects: 0.141100 ms)

========================================================================
Received Import Request.
  Time since last request: 279.211614 seconds.
  path: Assets/Scripts/TankController.cs
  artifactKey: Guid(d3a456584aed5114cb27e1377b0df71c) Importer(815301076,1909f56bfc062723c751e8b465ee728b)
Start importing Assets/Scripts/TankController.cs using Guid(d3a456584aed5114cb27e1377b0df71c) Importer(815301076,1909f56bfc062723c751e8b465ee728b)  -> (artifact id: '56598fa38ba441ff960e9dd0d365bebd') in 0.056936 seconds 
========================================================================
Received Prepare
Registering precompiled user dll's ...
Registered in 0.031985 seconds.
Begin MonoManager ReloadAssembly
Native extension for LinuxStandalone target not found
Native extension for WindowsStandalone target not found
Native extension for OSXStandalone target not found
Refreshing native plugins compatible for Editor in 2.20 ms, found 1 plugins.
Preloading 0 native plugins for Editor in 0.00 ms.
Mono: successfully reloaded assembly
- Completed reload, in 93.050 seconds
Platform modules already initialized, skipping
Script is not up to date after domain reload: guid(81175902416efa7439c7f86747130220) path("Assets/Scripts/2TankCrontroller.cs") state(2)
Refreshing native plugins compatible for Editor in 1.20 ms, found 1 plugins.
Preloading 0 native plugins for Editor in 0.00 ms.
Unloading 2661 Unused Serialized files (Serialized files now loaded: 0)
System memory in use before: 98.3 MB.
System memory in use after: 98.5 MB.

Unloading 10 unused Assets to reduce memory usage. Loaded Objects now: 3127.
Total: 9.883500 ms (FindLiveObjects: 0.697900 ms CreateObjectMapping: 0.332100 ms MarkObjects: 8.710600 ms  DeleteObjects: 0.138600 ms)

========================================================================
Received Import Request.
  Time since last request: 202.324182 seconds.
  path: Assets/Scripts/2TankCrontroller.cs
  artifactKey: Guid(81175902416efa7439c7f86747130220) Importer(815301076,1909f56bfc062723c751e8b465ee728b)
Start importing Assets/Scripts/2TankCrontroller.cs using Guid(81175902416efa7439c7f86747130220) Importer(815301076,1909f56bfc062723c751e8b465ee728b)  -> (artifact id: '9245964804b59148fa0ecd8dee36a82e') in 0.895788 seconds 
========================================================================
Received Import Request.
  Time since last request: 32.314477 seconds.
  path: Assets/Scripts/2TankCrontroller.cs
  artifactKey: Guid(81175902416efa7439c7f86747130220) Importer(815301076,1909f56bfc062723c751e8b465ee728b)
Start importing Assets/Scripts/2TankCrontroller.cs using Guid(81175902416efa7439c7f86747130220) Importer(815301076,1909f56bfc062723c751e8b465ee728b)  -> (artifact id: '29254b38557f25c347b7a3e2feba7cc8') in 0.964607 seconds 
========================================================================
Received Import Request.
  Time since last request: 0.315606 seconds.
  path: Assets/Scripts/TankController.cs
  artifactKey: Guid(d3a456584aed5114cb27e1377b0df71c) Importer(815301076,1909f56bfc062723c751e8b465ee728b)
Start importing Assets/Scripts/TankController.cs using Guid(d3a456584aed5114cb27e1377b0df71c) Importer(815301076,1909f56bfc062723c751e8b465ee728b)  -> (artifact id: 'fb0954601c1d1f1538c51872bc23f2ba') in 0.180686 seconds 
========================================================================
Received Import Request.
  Time since last request: 104.493591 seconds.
  path: Assets/Scripts/2TankCrontroller.cs
  artifactKey: Guid(81175902416efa7439c7f86747130220) Importer(815301076,1909f56bfc062723c751e8b465ee728b)
Start importing Assets/Scripts/2TankCrontroller.cs using Guid(81175902416efa7439c7f86747130220) Importer(815301076,1909f56bfc062723c751e8b465ee728b)  -> (artifact id: 'b6546667c2862bb9b24ae6525cf6b215') in 0.484206 seconds 
========================================================================
Received Import Request.
  Time since last request: 12.444223 seconds.
  path: Assets/Scripts/TankCrontroller.cs
  artifactKey: Guid(81175902416efa7439c7f86747130220) Importer(815301076,1909f56bfc062723c751e8b465ee728b)
Start importing Assets/Scripts/TankCrontroller.cs using Guid(81175902416efa7439c7f86747130220) Importer(815301076,1909f56bfc062723c751e8b465ee728b)  -> (artifact id: 'fd2b8d6cc399e71034a8fcba997010c7') in 0.005582 seconds 
========================================================================
Received Prepare
Registering precompiled user dll's ...
Registered in 0.031245 seconds.
Begin MonoManager ReloadAssembly
Native extension for LinuxStandalone target not found
Native extension for WindowsStandalone target not found
Native extension for OSXStandalone target not found
Refreshing native plugins compatible for Editor in 3.12 ms, found 1 plugins.
Preloading 0 native plugins for Editor in 0.00 ms.
Mono: successfully reloaded assembly
- Completed reload, in 19.501 seconds
Platform modules already initialized, skipping
Refreshing native plugins compatible for Editor in 1.29 ms, found 1 plugins.
Preloading 0 native plugins for Editor in 0.00 ms.
Unloading 2662 Unused Serialized files (Serialized files now loaded: 0)
System memory in use before: 98.4 MB.
System memory in use after: 98.6 MB.

Unloading 10 unused Assets to reduce memory usage. Loaded Objects now: 3131.
Total: 11.714900 ms (FindLiveObjects: 1.295200 ms CreateObjectMapping: 1.013800 ms MarkObjects: 9.198000 ms  DeleteObjects: 0.205200 ms)

========================================================================
Received Import Request.
  Time since last request: 141.102420 seconds.
  path: Assets/Scripts/TankCrontroller.cs
  artifactKey: Guid(81175902416efa7439c7f86747130220) Importer(815301076,1909f56bfc062723c751e8b465ee728b)
Start importing Assets/Scripts/TankCrontroller.cs using Guid(81175902416efa7439c7f86747130220) Importer(815301076,1909f56bfc062723c751e8b465ee728b)  -> (artifact id: 'f2730dbe5cd55e46615d45fb04729e4e') in 0.644431 seconds 
========================================================================
Received Prepare
Registering precompiled user dll's ...
Registered in 0.053856 seconds.
Begin MonoManager ReloadAssembly
Native extension for LinuxStandalone target not found
Native extension for WindowsStandalone target not found
Native extension for OSXStandalone target not found
Refreshing native plugins compatible for Editor in 1.44 ms, found 1 plugins.
Preloading 0 native plugins for Editor in 0.00 ms.
Mono: successfully reloaded assembly
- Completed reload, in  5.082 seconds
Platform modules already initialized, skipping
Refreshing native plugins compatible for Editor in 4.31 ms, found 1 plugins.
Preloading 0 native plugins for Editor in 0.00 ms.
Unloading 2662 Unused Serialized files (Serialized files now loaded: 0)
System memory in use before: 98.4 MB.
System memory in use after: 98.6 MB.

Unloading 10 unused Assets to reduce memory usage. Loaded Objects now: 3134.
Total: 45.540200 ms (FindLiveObjects: 0.732000 ms CreateObjectMapping: 0.927500 ms MarkObjects: 43.741800 ms  DeleteObjects: 0.135800 ms)

========================================================================
Received Import Request.
  Time since last request: 53.481873 seconds.
  path: Assets/Scripts/TankCrontroller.cs
  artifactKey: Guid(81175902416efa7439c7f86747130220) Importer(815301076,1909f56bfc062723c751e8b465ee728b)
Start importing Assets/Scripts/TankCrontroller.cs using Guid(81175902416efa7439c7f86747130220) Importer(815301076,1909f56bfc062723c751e8b465ee728b)  -> (artifact id: '5259e1e403659f57794d97d0e2e3ec9a') in 1.078512 seconds 
========================================================================
Received Import Request.
  Time since last request: 42.258728 seconds.
  path: Assets/Materials/ProtoTest.mat
  artifactKey: Guid(cc6d9f5a88deeda488b85093531f9724) Importer(815301076,1909f56bfc062723c751e8b465ee728b)
Start importing Assets/Materials/ProtoTest.mat using Guid(cc6d9f5a88deeda488b85093531f9724) Importer(815301076,1909f56bfc062723c751e8b465ee728b)  -> (artifact id: '203a2e5420c97a4821c8c98f79d6e6f9') in 1.128726 seconds 
========================================================================
Received Import Request.
  Time since last request: 0.000458 seconds.
  path: Assets/Materials/TankTest.mat
  artifactKey: Guid(326ca8b943d89f2499170a59b4f26383) Importer(815301076,1909f56bfc062723c751e8b465ee728b)
Start importing Assets/Materials/TankTest.mat using Guid(326ca8b943d89f2499170a59b4f26383) Importer(815301076,1909f56bfc062723c751e8b465ee728b)  -> (artifact id: '8adc45309abb01f6c7a7738a54844e84') in 0.072061 seconds 
========================================================================
Received Prepare
Registering precompiled user dll's ...
Registered in 0.084255 seconds.
Begin MonoManager ReloadAssembly
Native extension for LinuxStandalone target not found
Native extension for WindowsStandalone target not found
Native extension for OSXStandalone target not found
Refreshing native plugins compatible for Editor in 27.47 ms, found 1 plugins.
Preloading 0 native plugins for Editor in 0.00 ms.
Mono: successfully reloaded assembly
- Completed reload, in 15.952 seconds
Platform modules already initialized, skipping
Refreshing native plugins compatible for Editor in 1.73 ms, found 1 plugins.
Preloading 0 native plugins for Editor in 0.00 ms.
Unloading 2662 Unused Serialized files (Serialized files now loaded: 0)
System memory in use before: 102.2 MB.
System memory in use after: 102.4 MB.

Unloading 10 unused Assets to reduce memory usage. Loaded Objects now: 3177.
Total: 6.959400 ms (FindLiveObjects: 1.356600 ms CreateObjectMapping: 0.630400 ms MarkObjects: 4.847400 ms  DeleteObjects: 0.120300 ms)

========================================================================
Received Import Request.
  Time since last request: 107.139743 seconds.
  path: Assets/Scripts/TankController.cs
  artifactKey: Guid(d3a456584aed5114cb27e1377b0df71c) Importer(815301076,1909f56bfc062723c751e8b465ee728b)
Start importing Assets/Scripts/TankController.cs using Guid(d3a456584aed5114cb27e1377b0df71c) Importer(815301076,1909f56bfc062723c751e8b465ee728b)  -> (artifact id: '015859d14a8c9f96859eea32bd77c4c9') in 0.158919 seconds 
========================================================================
Received Prepare
Registering precompiled user dll's ...
Registered in 0.029208 seconds.
Begin MonoManager ReloadAssembly
Native extension for LinuxStandalone target not found
Native extension for WindowsStandalone target not found
Native extension for OSXStandalone target not found
Refreshing native plugins compatible for Editor in 2.12 ms, found 1 plugins.
Preloading 0 native plugins for Editor in 0.00 ms.
Mono: successfully reloaded assembly
- Completed reload, in 27.594 seconds
Platform modules already initialized, skipping
Refreshing native plugins compatible for Editor in 14.77 ms, found 1 plugins.
Preloading 0 native plugins for Editor in 0.00 ms.
Unloading 2662 Unused Serialized files (Serialized files now loaded: 0)
System memory in use before: 102.2 MB.
System memory in use after: 102.4 MB.

Unloading 10 unused Assets to reduce memory usage. Loaded Objects now: 3180.
Total: 36.050100 ms (FindLiveObjects: 3.282000 ms CreateObjectMapping: 0.941200 ms MarkObjects: 31.699700 ms  DeleteObjects: 0.122400 ms)

========================================================================
Received Prepare
Registering precompiled user dll's ...
Registered in 0.014299 seconds.
Begin MonoManager ReloadAssembly
Native extension for LinuxStandalone target not found
Native extension for WindowsStandalone target not found
Native extension for OSXStandalone target not found
Refreshing native plugins compatible for Editor in 2.24 ms, found 1 plugins.
Preloading 0 native plugins for Editor in 0.00 ms.
Mono: successfully reloaded assembly
- Completed reload, in 30.434 seconds
Platform modules already initialized, skipping
Refreshing native plugins compatible for Editor in 3.97 ms, found 1 plugins.
Preloading 0 native plugins for Editor in 0.00 ms.
Unloading 2663 Unused Serialized files (Serialized files now loaded: 0)
System memory in use before: 102.3 MB.
System memory in use after: 102.5 MB.

Unloading 10 unused Assets to reduce memory usage. Loaded Objects now: 3184.
Total: 10.808700 ms (FindLiveObjects: 0.562700 ms CreateObjectMapping: 0.457700 ms MarkObjects: 9.553200 ms  DeleteObjects: 0.227500 ms)

========================================================================
Received Prepare
Registering precompiled user dll's ...
Registered in 0.117269 seconds.
Begin MonoManager ReloadAssembly
Native extension for LinuxStandalone target not found
Native extension for WindowsStandalone target not found
Native extension for OSXStandalone target not found
Refreshing native plugins compatible for Editor in 1.27 ms, found 1 plugins.
Preloading 0 native plugins for Editor in 0.00 ms.
Mono: successfully reloaded assembly
- Completed reload, in  6.605 seconds
Platform modules already initialized, skipping
Refreshing native plugins compatible for Editor in 2.18 ms, found 1 plugins.
Preloading 0 native plugins for Editor in 0.00 ms.
Unloading 2663 Unused Serialized files (Serialized files now loaded: 0)
System memory in use before: 102.3 MB.
System memory in use after: 102.5 MB.

Unloading 10 unused Assets to reduce memory usage. Loaded Objects now: 3187.
Total: 5.963700 ms (FindLiveObjects: 0.685800 ms CreateObjectMapping: 0.207400 ms MarkObjects: 4.954400 ms  DeleteObjects: 0.112200 ms)

========================================================================
Received Import Request.
  Time since last request: 408.161506 seconds.
  path: Assets/Scripts/Manager.cs
  artifactKey: Guid(9231b819bd30d5e499dbb3c4c88f1deb) Importer(815301076,1909f56bfc062723c751e8b465ee728b)
Start importing Assets/Scripts/Manager.cs using Guid(9231b819bd30d5e499dbb3c4c88f1deb) Importer(815301076,1909f56bfc062723c751e8b465ee728b)  -> (artifact id: '69274ac760d4cc0c3153e772338bcf21') in 0.523381 seconds 
========================================================================
Received Prepare
Registering precompiled user dll's ...
Registered in 0.052454 seconds.
Begin MonoManager ReloadAssembly
Native extension for LinuxStandalone target not found
Native extension for WindowsStandalone target not found
Native extension for OSXStandalone target not found
Refreshing native plugins compatible for Editor in 7.18 ms, found 1 plugins.
Preloading 0 native plugins for Editor in 0.00 ms.
Mono: successfully reloaded assembly
- Completed reload, in 33.806 seconds
Platform modules already initialized, skipping
Refreshing native plugins compatible for Editor in 1.35 ms, found 1 plugins.
Preloading 0 native plugins for Editor in 0.00 ms.
Unloading 2663 Unused Serialized files (Serialized files now loaded: 0)
System memory in use before: 102.3 MB.
System memory in use after: 102.5 MB.

Unloading 10 unused Assets to reduce memory usage. Loaded Objects now: 3190.
Total: 24.357100 ms (FindLiveObjects: 1.467200 ms CreateObjectMapping: 0.828100 ms MarkObjects: 21.895400 ms  DeleteObjects: 0.160700 ms)

========================================================================
Received Import Request.
  Time since last request: 112.427505 seconds.
  path: Assets/Scripts/Manager.cs
  artifactKey: Guid(9231b819bd30d5e499dbb3c4c88f1deb) Importer(815301076,1909f56bfc062723c751e8b465ee728b)
Start importing Assets/Scripts/Manager.cs using Guid(9231b819bd30d5e499dbb3c4c88f1deb) Importer(815301076,1909f56bfc062723c751e8b465ee728b)  -> (artifact id: 'fdf687f883c95dbc121b8decc73195e2') in 0.404910 seconds 
========================================================================
Received Prepare
Registering precompiled user dll's ...
Registered in 0.011921 seconds.
Begin MonoManager ReloadAssembly
Native extension for LinuxStandalone target not found
Native extension for WindowsStandalone target not found
Native extension for OSXStandalone target not found
Refreshing native plugins compatible for Editor in 4.05 ms, found 1 plugins.
Preloading 0 native plugins for Editor in 0.00 ms.
Mono: successfully reloaded assembly
- Completed reload, in 12.197 seconds
Platform modules already initialized, skipping
Refreshing native plugins compatible for Editor in 2.19 ms, found 1 plugins.
Preloading 0 native plugins for Editor in 0.00 ms.
Unloading 2663 Unused Serialized files (Serialized files now loaded: 0)
System memory in use before: 102.3 MB.
System memory in use after: 102.5 MB.

Unloading 10 unused Assets to reduce memory usage. Loaded Objects now: 3193.
Total: 313.779100 ms (FindLiveObjects: 1.446600 ms CreateObjectMapping: 1.022100 ms MarkObjects: 311.164600 ms  DeleteObjects: 0.140100 ms)

========================================================================
Received Prepare
Registering precompiled user dll's ...
Registered in 0.015848 seconds.
Begin MonoManager ReloadAssembly
Native extension for LinuxStandalone target not found
Native extension for WindowsStandalone target not found
Native extension for OSXStandalone target not found
Refreshing native plugins compatible for Editor in 1.19 ms, found 1 plugins.
Preloading 0 native plugins for Editor in 0.00 ms.
Mono: successfully reloaded assembly
- Completed reload, in  6.277 seconds
Platform modules already initialized, skipping
Refreshing native plugins compatible for Editor in 1.18 ms, found 1 plugins.
Preloading 0 native plugins for Editor in 0.00 ms.
Unloading 2663 Unused Serialized files (Serialized files now loaded: 0)
System memory in use before: 102.3 MB.
System memory in use after: 102.5 MB.

Unloading 10 unused Assets to reduce memory usage. Loaded Objects now: 3196.
Total: 5.050900 ms (FindLiveObjects: 0.530300 ms CreateObjectMapping: 0.107300 ms MarkObjects: 4.287800 ms  DeleteObjects: 0.122300 ms)

AssetImportWorkerClient::OnTransportError - code=2 error=End of file
