Using pre-set license
Built from '2021.1/release' branch; Version is '2021.1.4f1 (4cd64a618c1b) revision 5035594'; Using compiler version '192528614'; Build Type 'Release'
OS: 'Windows 10 Pro; OS build 18362.720; Version 1903; 64bit' Language: 'en' Physical Memory: 16312 MB
BatchMode: 1, IsHumanControllingUs: 0, StartBugReporterOnCrash: 0, Is64bit: 1, IsPro: 0

 COMMAND LINE ARGUMENTS:
D:\Unity\2021.1.4f1\Editor\Unity.exe
-adb2
-batchMode
-noUpm
-name
AssetImportWorker1
-projectPath
C:/Users/Tadeocore/Documents/GitHub/Tankz/TankInIce
-logFile
Logs/AssetImportWorker1.log
-srvPort
60884
Successfully changed project path to: C:/Users/Tadeocore/Documents/GitHub/Tankz/TankInIce
C:/Users/Tadeocore/Documents/GitHub/Tankz/TankInIce
Using Asset Import Pipeline V2.
